Arguments: 
  /home/leo/.nvm/versions/node/v16.20.2/bin/node /usr/share/yarn/bin/yarn.js dev

PATH: 
  /home/leo/.nvm/versions/node/v16.20.2/bin:/usr/local/sbin:/usr/local/bin:/usr/sbin:/usr/bin:/sbin:/bin:/usr/games:/usr/local/games:/snap/bin:/snap/bin

Yarn version: 
  1.22.19

Node version: 
  16.20.2

Platform: 
  linux x64

Trace: 
  SyntaxError: /home/leo/Área de Trabalho/estudos/padrões de projetos/package.json: Unexpected string in JSON at position 158
      at JSON.parse (<anonymous>)
      at /usr/share/yarn/lib/cli.js:1629:59
      at Generator.next (<anonymous>)
      at step (/usr/share/yarn/lib/cli.js:310:30)
      at /usr/share/yarn/lib/cli.js:321:13

npm manifest: 
  {
    "name": "factory",
    "version": "1.0.0",
    "main": "index.js",
    "author": "leo valle",
    "license": "MIT",
    "script": "tsc index.ts && node index.js"
    "dependencies": {
      "typescript": "^5.5.4"
    }
  }

yarn manifest: 
  No manifest

Lockfile: 
  # THIS IS AN AUTOGENERATED FILE. DO NOT EDIT THIS FILE DIRECTLY.
  # yarn lockfile v1
  
  
  typescript@^5.5.4:
    version "5.5.4"
    resolved "https://registry.yarnpkg.com/typescript/-/typescript-5.5.4.tgz#d9852d6c82bad2d2eda4fd74a5762a8f5909e9ba"
    integrity sha512-Mtq29sKDAEYP7aljRgtPOpTvOfbwRWlS6dPRzwjdE+C0R4brX/GUyhHSecbHMFLNBLcJIPt9nl9yG5TZ1weH+Q==
